-15646785/134217728*ln(abs(x-1))+15646785/134217728*ln(abs(x+1))+15646785/67108864*atan(x)+(-46940355*x^33+402345900*x^29-1521599040*x^25+3324596364*x^21-4608419886*x^17+4177677924*x^13-2449584536*x^9+874703844*x^5-161168823*x)/(301989888*(x^4-1)^9),
1/3*x^3-x^2+7*x+(-6*x-3)/(-x-1)-6*ln(abs(x+1)),
1/4*ln(abs(x-1))-1/4*ln(abs(x+1))+(-x+1)/(-4*(x+1)),
1/8*ln(abs(x-1))-1/8*ln(x^2+1)-1/4*atan(x)+1/8*ln(abs(x+1))+(x+3)/(-8*(x+1)),
1/3*(1/18*ln(x^2+x+1)-1/(3*sqrt(3))*atan((2*x+1)/sqrt(3))-ln(abs(x))+8/9*ln(abs(x-1))+(-8*x^2+20*x-13)/(6*(x-1)^2)),
-3/16*ln(abs(x-1))+3/16*ln(abs(x+1))+3/8*atan(x)+(-x)/(4*(x^4-1)),
(-3*sqrt(2))/32*ln(x^2+(-(sqrt(2)))*x+1)+3*sqrt(2)/16*atan((x-sqrt(2)/2)/(sqrt(2)/2))+(-(-3*sqrt(2))/32)*ln(x^2+sqrt(2)*x+1)+3*sqrt(2)/16*atan((x-(-(sqrt(2)))/2)/(sqrt(2)/2))+(-x)/(-4*(x^4+1)),
(-77*sqrt(2))/1024*ln(x^2+(-(sqrt(2)))*x+1)+77*sqrt(2)/512*atan((x-sqrt(2)/2)/(sqrt(2)/2))+(-(-77*sqrt(2))/1024)*ln(x^2+sqrt(2)*x+1)+77*sqrt(2)/512*atan((x-(-(sqrt(2)))/2)/(sqrt(2)/2))+(-77*x^9-198*x^5-153*x)/(-384*(x^4+1)^3),
1/16*ln(abs(x^2-1))+1/8*ln(x^2+1)-27/16*ln(x^2+3)+x^2/2,
6*(1/9*ln(abs(((-x-1)/(x-1))^(1/3)+1))-1/18*ln((((-x-1)/(x-1))^(1/3))^2-((-x-1)/(x-1))^(1/3)+1)+1/3/sqrt(3)*atan((2*((-x-1)/(x-1))^(1/3)-1)/sqrt(3))+((-x-1)/(x-1))^(1/3)*(-1/3/((-x-1)/(x-1)+1))),
-1/2*ln(-sin(2*x)+1),
2*(-2/(2*sqrt(3))*ln(abs(2*tan(x/2)-4-2*sqrt(3))/abs(2*tan(x/2)-4+2*sqrt(3)))+x/2),
1/2*ln(2*exp(x)+3),
1/16*x+1/64*sin(2*x)-1/64*sin(4*x)-1/192*sin(6*x),
2*(-1/6*ln(abs(tan(x)+1))+1/12*ln(tan(x)^2-tan(x)+1)+1/(2*sqrt(3))*(atan((2*tan(x)-1)/sqrt(3))+pi*floor(x/pi+1/2))),
exp(-t^2/2)*1/t*t*sqrt(2)*sqrt(x*t)/t,
3*cos(t)/-24*exp(-(3*x+1)/cos(t))+exp(-(3*x+1)/cos(t))*((-(cos(t)))*6/(-36-(cos(t)*12)^2)*cos(6*x)-(-(cos(t)))*(-cos(t)*12)/(36+(cos(t)*12)^2)*sin(6*x))+exp(-(3*x+1)/cos(t))*(cos(t)*24/(-576-(cos(t)*96)^2)*cos(12*x)-cos(t)*(-cos(t)*96)/(576+(cos(t)*96)^2)*sin(12*x)),
2*(x^2-1)/(x^2-1)*sqrt(x^2-1),
2*(1/2*ln(abs(tan(x)-1))-1/4*ln(tan(x)^2+1)),
sin(2*x)/2,
tan(x)^2/2-1/2*ln(tan(x)^2+1)-ln(abs(cos(x))),
ln(exp(x)+exp(-x)),
2*(-676039/8388608*ln(abs(tan(x/2)-1))+676039/8388608*ln(abs(tan(x/2)+1))+(1741541175*tan(x/2)^47-7997586795*tan(x/2)^45+168111354015*tan(x/2)^43-335612711115*tan(x/2)^41+3585081964585*tan(x/2)^39-3395337497925*tan(x/2)^37+27694766416425*tan(x/2)^35-8994830247149*tan(x/2)^33+92804848686726*tan(x/2)^31+14484536993586*tan(x/2)^29+142645547900086*tan(x/2)^27+94187980352466*tan(x/2)^25+94187980352466*tan(x/2)^23+142645547900086*tan(x/2)^21+14484536993586*tan(x/2)^19+92804848686726*tan(x/2)^17-8994830247149*tan(x/2)^15+27694766416425*tan(x/2)^13-3395337497925*tan(x/2)^11+3585081964585*tan(x/2)^9-335612711115*tan(x/2)^7+168111354015*tan(x/2)^5-7997586795*tan(x/2)^3+1741541175*tan(x/2))/(2076180480*(tan(x/2)^2-1)^24)),
2*(-15*tan(x/2)^4+30*tan(x/2)^3-40*tan(x/2)^2+20*tan(x/2)-7)/(-15*(tan(x/2)-1)^5),
2*(15*tan(x/2)^4+30*tan(x/2)^3+40*tan(x/2)^2+20*tan(x/2)+7)/(-15*(tan(x/2)+1)^5),
x*ln(x+sqrt(x^2+1))-sqrt(x^2+1),
1/2*ln(x^4+6*x^2+1)-4/(4*sqrt(2))*ln((2*x^2+6-4*sqrt(2))/(2*x^2+6+4*sqrt(2)))+x*atan(2*x/(1+x^2)),
1/2*sqrt(x^2+1)*(x^2+1)*2/3,
1/(cos(x)),
atan(exp(x)),
1/2*ln(8*x*exp((i)*x/2)^2+(-4*i)*exp((i)*x/2)^4+4*i)+(-i)/2*x,
2/3*sqrt(x+1)*(x+1)-2*sqrt(x+1),
atan(sqrt(exp(x)-1)/2),
2/3*asin(36*sqrt(x)*x/3/sqrt(144*abs(a)^3)),
sqrt(a-x)*sqrt(-a+x+a)-2*a/2*asin(2*sqrt(a-x)/sqrt(4*abs(a))),
2/4*x*sqrt(x^2+a^2)+4*(-(-2*a^2)/8)/-2*ln(sqrt(x^2+a^2)-x),
-1/6*cos(3*x)-1/2*cos(x),
-x/2+1/2*atan(x)+1/2*x^2*atan(x),
1/2*(exp(x)*(1/2*cos(x)+1/2*sin(x))+exp(-x)*(1/2*cos(x)-1/2*sin(x))),
integrate(atan(x)/x,x),
2*((-6*tan(x/2)^3+15*tan(x/2)^2-14*tan(x/2)+10)/(48*(tan(x/2)^2-tan(x/2)+1)^2)-1/(2*sqrt(3))*(atan((2*tan(x/2)-1)/sqrt(3))+pi*floor(x/2/pi+1/2))),
x*exp(x^2),
(x*asin(x)+sqrt(-x^2+1)-1)/x,
2*((-(tan(x)))/(-tan(x)^2-1)+1/2*x),
-1/ln(x)+1/ln(2),
-ln(2)-2*ln(3)-ln(3/2)+3*ln(4),
(-n*pi*sin(n*pi)-2*cos(n*pi))/n^3+2/n^3,
(n*exp(pi)*sin(n*pi)+cos(n*pi)*exp(pi))/(n^2+1)-(-n*exp(-pi)*sin(n*pi)+cos(n*pi)*exp(-pi))/(n^2+1),
-1/2*cos(t)*exp(t)+1/2*exp(t)*sin(t)+1/2,
1/2,
integrate((t^4+t+1)/(t^6+t^3+2),t,1,+(infinity)),
atan(2)+1/2-1/2*pi,
t,1/3*t^3-1/3*exp(ln(4)/2)^3,assume[DOM_FLOAT,[line[2,+(infinity)]],[2]],
sqrt(2)*sqrt(b*t)*exp(-t^2/2)/t-sqrt(2)*sqrt(a*t)*exp(-t^2/2)/t,
integrate((x^2*(-(x-1)))^(1/3),x,0,1),
-5*a*ln(2)+49/8*a-15*ln(2)+145/8+(10*a*x^3*ln(abs(x-1))-10*a*x^3*ln(abs(x-2))-5*a*x^3-40*a*x^2*ln(abs(x-1))+40*a*x^2*ln(abs(x-2))+10*a*x^2+50*a*x*ln(abs(x-1))-50*a*x*ln(abs(x-2))-20*a*ln(abs(x-1))+20*a*ln(abs(x-2))-4*a+30*x^3*ln(abs(x-1))-30*x^3*ln(abs(x-2))-15*x^3-120*x^2*ln(abs(x-1))+120*x^2*ln(abs(x-2))+30*x^2+150*x*ln(abs(x-1))-150*x*ln(abs(x-2))-60*ln(abs(x-1))+60*ln(abs(x-2))-10)/(2*x^3-8*x^2+10*x-4),
(sqrt(2)-1)/2*pi,
x,pi*ln(x+1),assume[DOM_FLOAT,[line[0,+(infinity)]],[0]],
1/2,
1/2,
(t^n-y^n)/(t-y),
+(infinity),
infinity,
+(infinity),
-(exp(2)),
1-x+1/3*x^3-1/6*x^4+x^5*order_size(x),
-1/2*x^2-1/12*x^4+x^5*order_size(x),
atan(y/2)-exp((2*y+1)/2)+1+(-y^2*exp((2*y+1)/2)+4*y-4*exp((2*y+1)/2))/(y^2+4)*(x-1/2)+(-y^4*exp((2*y+1)/2)-16*y^3-8*y^2*exp((2*y+1)/2)-16*exp((2*y+1)/2))/(2*y^4+16*y^2+32)*(x-1/2)^2+(x-1/2)^3*order_size(x-1/2),
exp(1)+2*exp(1)*x+3/2*exp(1)*x^2+1/3*exp(1)*x^3+(-7/24*exp(1))*x^4+x^5*order_size(x),
x-1/3*x^3+1/10*x^5-8/315*x^7+x^8*order_size(x)
